my-pwa/app/build/outputs/mapping/release/seeds.txt
kz.laim.DelegationService: DelegationService()
kz.laim.Application
kz.laim.DelegationService
kz.laim.LauncherActivity: LauncherActivity()
kz.laim.Application: Application()
kz.laim.LauncherActivity
...
androidx.lifecycle.Lifecycle$Event: androidx.lifecycle.Lifecycle$Event ON_PAUSE
com.google.android.gms.common.Feature: android.os.Parcelable$Creator CREATOR
com.google.android.gms.common.api.GoogleApiActivity
android.support.v4.graphics.drawable.IconCompatParcelizer
androidx.versionedparcelable.ParcelImpl: android.os.Parcelable$Creator CREATOR
androidx.lifecycle.Lifecycle$Event: androidx.lifecycle.Lifecycle$Event ON_CREATE
com.google.android.gms.common.internal.ResolveAccountResponse: android.os.Parcelable$Creator CREATOR
com.google.androidbrowserhelper.playbilling.provider.PaymentActivity: PaymentActivity()
com.google.android.gms.dynamite.DynamiteModule$DynamiteLoaderClassLoader: DynamiteModule$DynamiteLoaderClassLoader()
com.google.android.gms.internal.location.zzbf: android.os.Parcelable$Creator CREATOR
com.google.android.gms.internal.location.zzm: android.os.Parcelable$Creator CREATOR
com.google.android.gms.internal.location.zzo: android.os.Parcelable$Creator CREATOR
androidx.core.app.RemoteActionCompatParcelizer: void write(androidx.core.app.RemoteActionCompat,androidx.versionedparcelable.VersionedParcel)
androidx.core.graphics.drawable.IconCompatParcelizer: void write(androidx.core.graphics.drawable.IconCompat,androidx.versionedparcelable.VersionedParcel)
com.google.android.gms.internal.location.zzad: android.os.Parcelable$Creator CREATOR
androidx.lifecycle.Lifecycle$State: androidx.lifecycle.Lifecycle$State valueOf(java.lang.String)
androidx.lifecycle.Lifecycle$Event: androidx.lifecycle.Lifecycle$Event[] values()
androidx.core.app.RemoteActionCompatParcelizer: androidx.core.app.RemoteActionCompat read(androidx.versionedparcelable.VersionedParcel)
com.google.android.gms.common.internal.GetServiceRequest: android.os.Parcelable$Creator CREATOR
com.google.androidbrowserhelper.trusted.FocusActivity: FocusActivity()
com.google.android.gms.location.LocationAvailability: android.os.Parcelable$Creator CREATOR
android.support.v4.graphics.drawable.IconCompatParcelizer: androidx.core.graphics.drawable.IconCompat read(androidx.versionedparcelable.VersionedParcel)
androidx.lifecycle.LiveData$LifecycleBoundObserver
com.google.android.gms.location.LocationResult: android.os.Parcelable$Creator CREATOR
android.support.v4.app.RemoteActionCompatParcelizer: androidx.core.app.RemoteActionCompat read(androidx.versionedparcelable.VersionedParcel)
com.google.android.gms.common.api.GoogleApiActivity: GoogleApiActivity()
androidx.lifecycle.Lifecycle$Event: androidx.lifecycle.Lifecycle$Event ON_DESTROY
com.google.androidbrowserhelper.trusted.NotificationPermissionRequestActivity
com.google.androidbrowserhelper.trusted.WebViewFallbackActivity
androidx.core.app.CoreComponentFactory
androidx.fragment.app.FragmentManagerState: android.os.Parcelable$Creator CREATOR
com.google.androidbrowserhelper.playbilling.provider.PaymentActivity
androidx.versionedparcelable.CustomVersionedParcelable: CustomVersionedParcelable()
androidx.core.content.FileProvider: FileProvider()
com.android.billingclient.api.ProxyBillingActivity: ProxyBillingActivity()
com.google.android.gms.internal.location.zzbd: android.os.Parcelable$Creator CREATOR
com.google.android.gms.common.api.Scope: android.os.Parcelable$Creator CREATOR
androidx.lifecycle.Lifecycle$State: androidx.lifecycle.Lifecycle$State[] values()
com.google.android.gms.location.LocationRequest: android.os.Parcelable$Creator CREATOR
androidx.lifecycle.ViewModel: ViewModel()
androidx.browser.browseractions.BrowserActionsFallbackMenuView
androidx.core.app.RemoteActionCompat
com.google.android.gms.common.util.DynamiteApi
androidx.browser.trusted.TrustedWebActivityService: TrustedWebActivityService()
androidx.core.graphics.drawable.IconCompatParcelizer
com.google.android.gms.common.internal.ReflectedParcelable
androidx.core.app.RemoteActionCompat: RemoteActionCompat()
androidx.versionedparcelable.CustomVersionedParcelable
com.google.android.gms.common.internal.ClientIdentity: android.os.Parcelable$Creator CREATOR