my-pwa/app/build/outputs/mapping/release/mapping.txt
# compiler: R8
# compiler_version: 2.1.86
# min_api: 19
# pg_map_id: a2738ac
# common_typos_disable
kz.laim.LauncherActivity -> kz.laim.LauncherActivity:
    android.net.Uri getLaunchingUrl() -> f
...
androidx.core.view.ViewCompat$AccessibilityPaneVisibilityManager -> b.d.c.c$b:
    java.util.WeakHashMap mPanesToVisible -> a
    void checkPaneVisibility(android.view.View,boolean) -> a
    void registerForLayoutCallback(android.view.View) -> b
androidx.core.view.ViewCompat$AccessibilityViewProperty -> b.d.c.c$c:
    java.lang.Class mType -> b
    int mFrameworkMinimumSdk -> c
    int mTagKey -> a
    boolean extrasAvailable() -> a
    boolean frameworkAvailable() -> b
    java.lang.Object frameworkGet(android.view.View) -> c
    java.lang.Object get(android.view.View) -> d
androidx.core.view.ViewCompat$OnUnhandledKeyEventListenerCompat -> b.d.c.c$d:
    boolean onUnhandledKeyEvent(android.view.View,android.view.KeyEvent) -> a
androidx.core.view.ViewCompat$UnhandledKeyEventManager -> b.d.c.c$e:
    android.util.SparseArray mCapturedKeys -> b
    java.lang.ref.WeakReference mLastDispatchedPreViewKeyEvent -> c
    java.util.ArrayList sViewsWithListeners -> d
    java.util.WeakHashMap mViewsContainingListeners -> a
    androidx.core.view.ViewCompat$UnhandledKeyEventManager at(android.view.View) -> a
    boolean dispatch(android.view.View,android.view.KeyEvent) -> b
    android.view.View dispatchInOrder(android.view.View,android.view.KeyEvent) -> c
    android.util.SparseArray getCapturedKeys() -> d
    boolean onUnhandledKeyEvent(android.view.View,android.view.KeyEvent) -> e
    boolean preDispatch(android.view.KeyEvent) -> f
    void recalcViewsWithUnhandled() -> g
androidx.core.view.ViewGroupCompat -> b.d.c.d:
    boolean isTransitionGroup(android.view.ViewGroup) -> a
androidx.fragment.app.BackStackRecord -> b.e.a.a:
    androidx.fragment.app.FragmentManagerImpl mManager -> a
    int mBreadCrumbShortTitleRes -> o
    int mIndex -> l
    int mBreadCrumbTitleRes -> m
    boolean mAddToBackStack -> i
    java.lang.String mName -> j
    int mTransitionStyle -> h
    boolean mCommitted -> k
    int mPopExitAnim -> f
    int mTransition -> g
    int mExitAnim -> d
    int mPopEnterAnim -> e
    java.util.ArrayList mOps -> b
    int mEnterAnim -> c
    boolean mReorderingAllowed -> s
    java.lang.CharSequence mBreadCrumbTitleText -> n
    java.lang.CharSequence mBreadCrumbShortTitleText -> p
    java.util.ArrayList mCommitRunnables -> t
    java.util.ArrayList mSharedElementTargetNames -> r
    java.util.ArrayList mSharedElementSourceNames -> q
    boolean generateOps(java.util.ArrayList,java.util.ArrayList) -> a
    androidx.fragment.app.FragmentTransaction add(androidx.fragment.app.Fragment,java.lang.String) -> b
    int commit() -> c
    int commitAllowingStateLoss() -> d
    androidx.fragment.app.FragmentTransaction remove(androidx.fragment.app.Fragment) -> e
    void addOp(androidx.fragment.app.BackStackRecord$Op) -> f
    void bumpBackStackNesting(int) -> g
    int commitInternal(boolean) -> h
    void doAddOp(int,androidx.fragment.app.Fragment,java.lang.String,int) -> i
    void dump(java.lang.String,java.io.FileDescriptor,java.io.PrintWriter,java.lang.String[]) -> j
    void dump(java.lang.String,java.io.PrintWriter,boolean) -> k
androidx.fragment.app.BackStackRecord$Op -> b.e.a.a$a:
    int popExitAnim -> f
    androidx.fragment.app.Fragment fragment -> b
    int exitAnim -> d
    int popEnterAnim -> e
    int enterAnim -> c
    int cmd -> a
androidx.fragment.app.BackStackState -> b.e.a.b:
    java.util.ArrayList mSharedElementTargetNames -> k
    java.util.ArrayList mSharedElementSourceNames -> j
    int mBreadCrumbShortTitleRes -> h
    boolean mReorderingAllowed -> l
    int mBreadCrumbTitleRes -> f
    int[] mOps -> a
    int mIndex -> e
    java.lang.CharSequence mBreadCrumbTitleText -> g
    int mTransition -> b
    int mTransitionStyle -> c
    java.lang.CharSequence mBreadCrumbShortTitleText -> i
    java.lang.String mName -> d
    androidx.fragment.app.BackStackRecord instantiate(androidx.fragment.app.FragmentManagerImpl) -> a