my-pwa/app/build/outputs/mapping/release/usage.txt
kz.laim.R$raw
kz.laim.R$mipmap
kz.laim.R$bool
kz.laim.R$id
kz.laim.BuildConfig
kz.laim.R$xml
kz.laim.R$string
kz.laim.R
kz.laim.R$dimen
kz.laim.R$styleable
kz.laim.R$style
kz.laim.R$layout
kz.laim.R$drawable
kz.laim.R$integer
kz.laim.R$attr
kz.laim.R$color
...
androidx.core.text.TextDirectionHeuristicCompat
androidx.customview.widget.ExploreByTouchHelper$1
androidx.core.graphics.PathSegment
androidx.core.app.SharedElementCallback:
    public void <init>()
    private static android.graphics.Bitmap createDrawableBitmap(android.graphics.drawable.Drawable)
    public void onRejectSharedElements(java.util.List)
    public android.os.Parcelable onCaptureSharedElementSnapshot(android.view.View,android.graphics.Matrix,android.graphics.RectF)
    public android.view.View onCreateSnapshotView(android.content.Context,android.os.Parcelable)
    public void onSharedElementsArrived(java.util.List,java.util.List,androidx.core.app.SharedElementCallback$OnSharedElementsReadyListener)
    private android.graphics.Matrix mTempMatrix
    private static final int MAX_IMAGE_SIZE
    private static final java.lang.String BUNDLE_SNAPSHOT_BITMAP
    private static final java.lang.String BUNDLE_SNAPSHOT_IMAGE_SCALETYPE
    private static final java.lang.String BUNDLE_SNAPSHOT_IMAGE_MATRIX
androidx.core.graphics.drawable.IconCompat$IconType
androidx.browser.trusted.TrustedWebActivityDisplayMode$ImmersiveMode:
    static androidx.browser.trusted.TrustedWebActivityDisplayMode fromBundle(android.os.Bundle)
    public boolean isSticky()
    public int layoutInDisplayCutoutMode()
    private static final int ID
    public static final java.lang.String KEY_STICKY
    public static final java.lang.String KEY_CUTOUT_MODE
com.google.android.gms.common.internal.zza
com.google.android.gms.common.util.DeviceProperties:
    private void <init>()
    public static boolean isTablet(android.content.res.Resources)
    public static boolean isLatchsky(android.content.Context)
    public static boolean isAuto(android.content.Context)
    public static boolean isTv(android.content.Context)
    public static boolean isUserBuild()
    private static java.lang.Boolean zzgn
    private static java.lang.Boolean zzgo
    private static java.lang.Boolean zzgr
    private static java.lang.Boolean zzgt
    private static java.lang.Boolean zzgu
com.google.android.gms.tasks.OnCanceledListener
android.support.v4.os.IResultReceiver
androidx.core.graphics.drawable.RoundedBitmapDrawable
com.google.android.gms.common.api.internal.zabs:
    public abstract com.google.android.gms.common.api.internal.BaseImplementation$ApiMethodImpl enqueue(com.google.android.gms.common.api.internal.BaseImplementation$ApiMethodImpl)
    public abstract com.google.android.gms.common.ConnectionResult blockingConnect()
    public abstract com.google.android.gms.common.ConnectionResult blockingConnect(long,java.util.concurrent.TimeUnit)
    public abstract com.google.android.gms.common.ConnectionResult getConnectionResult(com.google.android.gms.common.api.Api)
    public abstract boolean maybeSignIn(com.google.android.gms.common.api.internal.SignInConnectionListener)
    public abstract void maybeSignOut()
androidx.swiperefreshlayout.R$id
com.google.android.gms.dynamite.zzk
androidx.browser.trusted.FutureUtils
androidx.coordinatorlayout.widget.CoordinatorLayout$DispatchChangeEvent
com.google.android.gms.base.R$color
com.google.android.gms.auth.api.signin.internal.zaa
com.google.android.gms.common.server.converter.zac